<?xml version="1.0" encoding="UTF-8"?>
<testng-results ignored="1" total="2" passed="1" failed="0" skipped="0">
  <reporter-output>
  </reporter-output>
  <suite started-at="2022-06-21T02:33:30Z" name="Default suite" finished-at="2022-06-21T02:34:03Z" duration-ms="33840">
    <groups>
    </groups>
    <test started-at="2022-06-21T02:33:30Z" name="Default test" finished-at="2022-06-21T02:34:03Z" duration-ms="33840">
      <class name="pom.POM_001">
        <test-method is-config="true" signature="beforeMethod()[pri:0, instance:pom.POM_001@702b8b12]" started-at="2022-06-21T02:33:30Z" name="beforeMethod" finished-at="2022-06-21T02:33:47Z" duration-ms="17036" status="PASS">
          <reporter-output>
          </reporter-output>
        </test-method> <!-- beforeMethod -->
        <test-method signature="customerReg()[pri:0, instance:pom.POM_001@702b8b12]" started-at="2022-06-21T02:33:47Z" name="customerReg" finished-at="2022-06-21T02:34:03Z" duration-ms="16717" status="PASS">
          <reporter-output>
          </reporter-output>
        </test-method> <!-- customerReg -->
        <test-method is-config="true" signature="afterMethod()[pri:0, instance:pom.POM_001@702b8b12]" started-at="2022-06-21T02:34:03Z" name="afterMethod" finished-at="2022-06-21T02:34:03Z" duration-ms="3" status="PASS">
          <reporter-output>
          </reporter-output>
        </test-method> <!-- afterMethod -->
      </class> <!-- pom.POM_001 -->
    </test> <!-- Default test -->
  </suite> <!-- Default suite -->
</testng-results>
